# JRE version: OpenJDK Runtime Environment (8.0_152-b02) (build 1.8.0_152-release-1024-b02)
# Java VM: OpenJDK 64-Bit Server VM (25.152-b02 mixed mode windows-amd64 compressed oops)
Heap:
 PSYoungGen      total 473088K, used 425798K [0x00000000e0000000, 0x0000000100000000, 0x0000000100000000)
  eden space 444416K, 89% used [0x00000000e0000000,0x00000000f83d1bd0,0x00000000fb200000)
  from space 28672K, 99% used [0x00000000fb200000,0x00000000fcdffde8,0x00000000fce00000)
  to   space 42496K, 0% used [0x00000000fd680000,0x00000000fd680000,0x0000000100000000)
 ParOldGen       total 173568K, used 66187K [0x00000000a0000000, 0x00000000aa980000, 0x00000000e0000000)
  object space 173568K, 38% used [0x00000000a0000000,0x00000000a40a2c20,0x00000000aa980000)
 Metaspace       used 124262K, capacity 133282K, committed 133336K, reserved 1165312K
  class space    used 15597K, capacity 17395K, committed 17408K, reserved 1048576K
GC Heap History (10 events):
Event: 4047.933 GC heap before
{Heap before GC invocations=41 (full 4):
 PSYoungGen      total 488960K, used 469618K [0x00000000e0000000, 0x00000000ffc80000, 0x0000000100000000)
  eden space 457216K, 100% used [0x00000000e0000000,0x00000000fbe80000,0x00000000fbe80000)
  from space 31744K, 39% used [0x00000000fdd80000,0x00000000fe99cb30,0x00000000ffc80000)
  to   space 31744K, 0% used [0x00000000fbe80000,0x00000000fbe80000,0x00000000fdd80000)
 ParOldGen       total 173568K, used 66155K [0x00000000a0000000, 0x00000000aa980000, 0x00000000e0000000)
  object space 173568K, 38% used [0x00000000a0000000,0x00000000a409ac20,0x00000000aa980000)
 Metaspace       used 118770K, capacity 124719K, committed 125016K, reserved 1159168K
  class space    used 14917K, capacity 16130K, committed 16256K, reserved 1048576K
Event: 4047.956 GC heap after
Heap after GC invocations=41 (full 4):
 PSYoungGen      total 488960K, used 17427K [0x00000000e0000000, 0x0000000100000000, 0x0000000100000000)
  eden space 457216K, 0% used [0x00000000e0000000,0x00000000e0000000,0x00000000fbe80000)
  from space 31744K, 54% used [0x00000000fbe80000,0x00000000fcf84e08,0x00000000fdd80000)
  to   space 32256K, 0% used [0x00000000fe080000,0x00000000fe080000,0x0000000100000000)
 ParOldGen       total 173568K, used 66155K [0x00000000a0000000, 0x00000000aa980000, 0x00000000e0000000)
  object space 173568K, 38% used [0x00000000a0000000,0x00000000a409ac20,0x00000000aa980000)
 Metaspace       used 118770K, capacity 124719K, committed 125016K, reserved 1159168K
  class space    used 14917K, capacity 16130K, committed 16256K, reserved 1048576K
}
Event: 4151.750 GC heap before
{Heap before GC invocations=42 (full 4):
 PSYoungGen      total 488960K, used 474643K [0x00000000e0000000, 0x0000000100000000, 0x0000000100000000)
  eden space 457216K, 100% used [0x00000000e0000000,0x00000000fbe80000,0x00000000fbe80000)
  from space 31744K, 54% used [0x00000000fbe80000,0x00000000fcf84e08,0x00000000fdd80000)
  to   space 32256K, 0% used [0x00000000fe080000,0x00000000fe080000,0x0000000100000000)
 ParOldGen       total 173568K, used 66155K [0x00000000a0000000, 0x00000000aa980000, 0x00000000e0000000)
  object space 173568K, 38% used [0x00000000a0000000,0x00000000a409ac20,0x00000000aa980000)
 Metaspace       used 121165K, capacity 128024K, committed 128344K, reserved 1161216K
  class space    used 15228K, capacity 16657K, committed 16768K, reserved 1048576K
Event: 4151.776 GC heap after
Heap after GC invocations=42 (full 4):
 PSYoungGen      total 485888K, used 26319K [0x00000000e0000000, 0x0000000100000000, 0x0000000100000000)
  eden space 453632K, 0% used [0x00000000e0000000,0x00000000e0000000,0x00000000fbb00000)
  from space 32256K, 81% used [0x00000000fe080000,0x00000000ffa33eb8,0x0000000100000000)
  to   space 35328K, 0% used [0x00000000fbb00000,0x00000000fbb00000,0x00000000fdd80000)
 ParOldGen       total 173568K, used 66163K [0x00000000a0000000, 0x00000000aa980000, 0x00000000e0000000)
  object space 173568K, 38% used [0x00000000a0000000,0x00000000a409cc20,0x00000000aa980000)
 Metaspace       used 121165K, capacity 128024K, committed 128344K, reserved 1161216K
  class space    used 15228K, capacity 16657K, committed 16768K, reserved 1048576K
}
Event: 4237.366 GC heap before
{Heap before GC invocations=43 (full 4):
 PSYoungGen      total 485888K, used 479951K [0x00000000e0000000, 0x0000000100000000, 0x0000000100000000)
  eden space 453632K, 100% used [0x00000000e0000000,0x00000000fbb00000,0x00000000fbb00000)
  from space 32256K, 81% used [0x00000000fe080000,0x00000000ffa33eb8,0x0000000100000000)
  to   space 35328K, 0% used [0x00000000fbb00000,0x00000000fbb00000,0x00000000fdd80000)
 ParOldGen       total 173568K, used 66163K [0x00000000a0000000, 0x00000000aa980000, 0x00000000e0000000)
  object space 173568K, 38% used [0x00000000a0000000,0x00000000a409cc20,0x00000000aa980000)
 Metaspace       used 122444K, capacity 130730K, committed 131032K, reserved 1163264K
  class space    used 15433K, capacity 17086K, committed 17152K, reserved 1048576K
Event: 4237.384 GC heap after
Heap after GC invocations=43 (full 4):
 PSYoungGen      total 479232K, used 25104K [0x00000000e0000000, 0x0000000100000000, 0x0000000100000000)
  eden space 453632K, 0% used [0x00000000e0000000,0x00000000e0000000,0x00000000fbb00000)
  from space 25600K, 98% used [0x00000000fbb00000,0x00000000fd3840d0,0x00000000fd400000)
  to   space 37888K, 0% used [0x00000000fdb00000,0x00000000fdb00000,0x0000000100000000)
 ParOldGen       total 173568K, used 66171K [0x00000000a0000000, 0x00000000aa980000, 0x00000000e0000000)
  object space 173568K, 38% used [0x00000000a0000000,0x00000000a409ec20,0x00000000aa980000)
 Metaspace       used 122444K, capacity 130730K, committed 131032K, reserved 1163264K
  class space    used 15433K, capacity 17086K, committed 17152K, reserved 1048576K
}
Event: 4868.004 GC heap before
{Heap before GC invocations=44 (full 4):
 PSYoungGen      total 479232K, used 478117K [0x00000000e0000000, 0x0000000100000000, 0x0000000100000000)
  eden space 453632K, 99% used [0x00000000e0000000,0x00000000fba65360,0x00000000fbb00000)
  from space 25600K, 98% used [0x00000000fbb00000,0x00000000fd3840d0,0x00000000fd400000)
  to   space 37888K, 0% used [0x00000000fdb00000,0x00000000fdb00000,0x0000000100000000)
 ParOldGen       total 173568K, used 66171K [0x00000000a0000000, 0x00000000aa980000, 0x00000000e0000000)
  object space 173568K, 38% used [0x00000000a0000000,0x00000000a409ec20,0x00000000aa980000)
 Metaspace       used 123376K, capacity 131984K, committed 132184K, reserved 1165312K
  class space    used 15513K, capacity 17264K, committed 17280K, reserved 1048576K
Event: 4868.022 GC heap after
Heap after GC invocations=44 (full 4):
 PSYoungGen      total 482304K, used 26704K [0x00000000e0000000, 0x0000000100000000, 0x0000000100000000)
  eden space 444416K, 0% used [0x00000000e0000000,0x00000000e0000000,0x00000000fb200000)
  from space 37888K, 70% used [0x00000000fdb00000,0x00000000ff514090,0x0000000100000000)
  to   space 39936K, 0% used [0x00000000fb200000,0x00000000fb200000,0x00000000fd900000)
 ParOldGen       total 173568K, used 66179K [0x00000000a0000000, 0x00000000aa980000, 0x00000000e0000000)
  object space 173568K, 38% used [0x00000000a0000000,0x00000000a40a0c20,0x00000000aa980000)
 Metaspace       used 123376K, capacity 131984K, committed 132184K, reserved 1165312K
  class space    used 15513K, capacity 17264K, committed 17280K, reserved 1048576K
}
Event: 4879.477 GC heap before
{Heap before GC invocations=45 (full 4):
 PSYoungGen      total 482304K, used 471089K [0x00000000e0000000, 0x0000000100000000, 0x0000000100000000)
  eden space 444416K, 99% used [0x00000000e0000000,0x00000000fb1f8708,0x00000000fb200000)
  from space 37888K, 70% used [0x00000000fdb00000,0x00000000ff514090,0x0000000100000000)
  to   space 39936K, 0% used [0x00000000fb200000,0x00000000fb200000,0x00000000fd900000)
 ParOldGen       total 173568K, used 66179K [0x00000000a0000000, 0x00000000aa980000, 0x00000000e0000000)
  object space 173568K, 38% used [0x00000000a0000000,0x00000000a40a0c20,0x00000000aa980000)
 Metaspace       used 123601K, capacity 132194K, committed 132440K, reserved 1165312K
  class space    used 15526K, capacity 17267K, committed 17280K, reserved 1048576K
Event: 4879.496 GC heap after
Heap after GC invocations=45 (full 4):
 PSYoungGen      total 473088K, used 28671K [0x00000000e0000000, 0x0000000100000000, 0x0000000100000000)
  eden space 444416K, 0% used [0x00000000e0000000,0x00000000e0000000,0x00000000fb200000)
  from space 28672K, 99% used [0x00000000fb200000,0x00000000fcdffde8,0x00000000fce00000)
  to   space 42496K, 0% used [0x00000000fd680000,0x00000000fd680000,0x0000000100000000)
 ParOldGen       total 173568K, used 66187K [0x00000000a0000000, 0x00000000aa980000, 0x00000000e0000000)
  object space 173568K, 38% used [0x00000000a0000000,0x00000000a40a2c20,0x00000000aa980000)
 Metaspace       used 123601K, capacity 132194K, committed 132440K, reserved 1165312K
  class space    used 15526K, capacity 17267K, committed 17280K, reserved 1048576K
}

