# JRE version: OpenJDK Runtime Environment (8.0_152-b02) (build 1.8.0_152-release-1024-b02)
# Java VM: OpenJDK 64-Bit Server VM (25.152-b02 mixed mode windows-amd64 compressed oops)
Heap:
 PSYoungGen      total 285696K, used 134389K [0x00000000e0000000, 0x00000000f6600000, 0x0000000100000000)
  eden space 262144K, 42% used [0x00000000e0000000,0x00000000e6c92f60,0x00000000f0000000)
  from space 23552K, 98% used [0x00000000f0000000,0x00000000f16aa6c0,0x00000000f1700000)
  to   space 26624K, 0% used [0x00000000f4c00000,0x00000000f4c00000,0x00000000f6600000)
 ParOldGen       total 125440K, used 56249K [0x00000000a0000000, 0x00000000a7a80000, 0x00000000e0000000)
  object space 125440K, 44% used [0x00000000a0000000,0x00000000a36ee748,0x00000000a7a80000)
 Metaspace       used 88209K, capacity 92092K, committed 92416K, reserved 1128448K
  class space    used 11628K, capacity 12453K, committed 12544K, reserved 1048576K
GC Heap History (10 events):
Event: 6.785 GC heap before
{Heap before GC invocations=12 (full 2):
 PSYoungGen      total 169984K, used 144256K [0x00000000e0000000, 0x00000000ef600000, 0x0000000100000000)
  eden space 155648K, 83% used [0x00000000e0000000,0x00000000e7ee0510,0x00000000e9800000)
  from space 14336K, 99% used [0x00000000e9800000,0x00000000ea5ffba8,0x00000000ea600000)
  to   space 17408K, 0% used [0x00000000ee500000,0x00000000ee500000,0x00000000ef600000)
 ParOldGen       total 84480K, used 19680K [0x00000000a0000000, 0x00000000a5280000, 0x00000000e0000000)
  object space 84480K, 23% used [0x00000000a0000000,0x00000000a1338120,0x00000000a5280000)
 Metaspace       used 57191K, capacity 58840K, committed 59008K, reserved 1099776K
  class space    used 7760K, capacity 8209K, committed 8320K, reserved 1048576K
Event: 6.800 GC heap after
Heap after GC invocations=12 (full 2):
 PSYoungGen      total 229888K, used 17405K [0x00000000e0000000, 0x00000000ef880000, 0x0000000100000000)
  eden space 212480K, 0% used [0x00000000e0000000,0x00000000e0000000,0x00000000ecf80000)
  from space 17408K, 99% used [0x00000000ee500000,0x00000000ef5ff7a0,0x00000000ef600000)
  to   space 20992K, 0% used [0x00000000ecf80000,0x00000000ecf80000,0x00000000ee400000)
 ParOldGen       total 84480K, used 23852K [0x00000000a0000000, 0x00000000a5280000, 0x00000000e0000000)
  object space 84480K, 28% used [0x00000000a0000000,0x00000000a174b3e0,0x00000000a5280000)
 Metaspace       used 57191K, capacity 58840K, committed 59008K, reserved 1099776K
  class space    used 7760K, capacity 8209K, committed 8320K, reserved 1048576K
}
Event: 6.800 GC heap before
{Heap before GC invocations=13 (full 3):
 PSYoungGen      total 229888K, used 17405K [0x00000000e0000000, 0x00000000ef880000, 0x0000000100000000)
  eden space 212480K, 0% used [0x00000000e0000000,0x00000000e0000000,0x00000000ecf80000)
  from space 17408K, 99% used [0x00000000ee500000,0x00000000ef5ff7a0,0x00000000ef600000)
  to   space 20992K, 0% used [0x00000000ecf80000,0x00000000ecf80000,0x00000000ee400000)
 ParOldGen       total 84480K, used 23852K [0x00000000a0000000, 0x00000000a5280000, 0x00000000e0000000)
  object space 84480K, 28% used [0x00000000a0000000,0x00000000a174b3e0,0x00000000a5280000)
 Metaspace       used 57191K, capacity 58840K, committed 59008K, reserved 1099776K
  class space    used 7760K, capacity 8209K, committed 8320K, reserved 1048576K
Event: 6.958 GC heap after
Heap after GC invocations=13 (full 3):
 PSYoungGen      total 229888K, used 0K [0x00000000e0000000, 0x00000000ef880000, 0x0000000100000000)
  eden space 212480K, 0% used [0x00000000e0000000,0x00000000e0000000,0x00000000ecf80000)
  from space 17408K, 0% used [0x00000000ee500000,0x00000000ee500000,0x00000000ef600000)
  to   space 20992K, 0% used [0x00000000ecf80000,0x00000000ecf80000,0x00000000ee400000)
 ParOldGen       total 125440K, used 37136K [0x00000000a0000000, 0x00000000a7a80000, 0x00000000e0000000)
  object space 125440K, 29% used [0x00000000a0000000,0x00000000a24443b8,0x00000000a7a80000)
 Metaspace       used 57191K, capacity 58840K, committed 59008K, reserved 1099776K
  class space    used 7760K, capacity 8209K, committed 8320K, reserved 1048576K
}
Event: 8.643 GC heap before
{Heap before GC invocations=14 (full 3):
 PSYoungGen      total 229888K, used 212480K [0x00000000e0000000, 0x00000000ef880000, 0x0000000100000000)
  eden space 212480K, 100% used [0x00000000e0000000,0x00000000ecf80000,0x00000000ecf80000)
  from space 17408K, 0% used [0x00000000ee500000,0x00000000ee500000,0x00000000ef600000)
  to   space 20992K, 0% used [0x00000000ecf80000,0x00000000ecf80000,0x00000000ee400000)
 ParOldGen       total 125440K, used 37136K [0x00000000a0000000, 0x00000000a7a80000, 0x00000000e0000000)
  object space 125440K, 29% used [0x00000000a0000000,0x00000000a24443b8,0x00000000a7a80000)
 Metaspace       used 63544K, capacity 65370K, committed 65536K, reserved 1105920K
  class space    used 8615K, capacity 9127K, committed 9216K, reserved 1048576K
Event: 8.661 GC heap after
Heap after GC invocations=14 (full 3):
 PSYoungGen      total 233472K, used 20971K [0x00000000e0000000, 0x00000000f3800000, 0x0000000100000000)
  eden space 212480K, 0% used [0x00000000e0000000,0x00000000e0000000,0x00000000ecf80000)
  from space 20992K, 99% used [0x00000000ecf80000,0x00000000ee3facb8,0x00000000ee400000)
  to   space 24576K, 0% used [0x00000000f2000000,0x00000000f2000000,0x00000000f3800000)
 ParOldGen       total 125440K, used 39284K [0x00000000a0000000, 0x00000000a7a80000, 0x00000000e0000000)
  object space 125440K, 31% used [0x00000000a0000000,0x00000000a265d318,0x00000000a7a80000)
 Metaspace       used 63544K, capacity 65370K, committed 65536K, reserved 1105920K
  class space    used 8615K, capacity 9127K, committed 9216K, reserved 1048576K
}
Event: 21.772 GC heap before
{Heap before GC invocations=15 (full 3):
 PSYoungGen      total 233472K, used 233451K [0x00000000e0000000, 0x00000000f3800000, 0x0000000100000000)
  eden space 212480K, 100% used [0x00000000e0000000,0x00000000ecf80000,0x00000000ecf80000)
  from space 20992K, 99% used [0x00000000ecf80000,0x00000000ee3facb8,0x00000000ee400000)
  to   space 24576K, 0% used [0x00000000f2000000,0x00000000f2000000,0x00000000f3800000)
 ParOldGen       total 125440K, used 39284K [0x00000000a0000000, 0x00000000a7a80000, 0x00000000e0000000)
  object space 125440K, 31% used [0x00000000a0000000,0x00000000a265d318,0x00000000a7a80000)
 Metaspace       used 71344K, capacity 74101K, committed 74240K, reserved 1114112K
  class space    used 9451K, capacity 10121K, committed 10240K, reserved 1048576K
Event: 21.796 GC heap after
Heap after GC invocations=15 (full 3):
 PSYoungGen      total 276480K, used 11994K [0x00000000e0000000, 0x00000000f2e00000, 0x0000000100000000)
  eden space 262144K, 0% used [0x00000000e0000000,0x00000000e0000000,0x00000000f0000000)
  from space 14336K, 83% used [0x00000000f2000000,0x00000000f2bb6a78,0x00000000f2e00000)
  to   space 23552K, 0% used [0x00000000f0000000,0x00000000f0000000,0x00000000f1700000)
 ParOldGen       total 125440K, used 56241K [0x00000000a0000000, 0x00000000a7a80000, 0x00000000e0000000)
  object space 125440K, 44% used [0x00000000a0000000,0x00000000a36ec748,0x00000000a7a80000)
 Metaspace       used 71344K, capacity 74101K, committed 74240K, reserved 1114112K
  class space    used 9451K, capacity 10121K, committed 10240K, reserved 1048576K
}
Event: 190.111 GC heap before
{Heap before GC invocations=16 (full 3):
 PSYoungGen      total 276480K, used 274138K [0x00000000e0000000, 0x00000000f2e00000, 0x0000000100000000)
  eden space 262144K, 100% used [0x00000000e0000000,0x00000000f0000000,0x00000000f0000000)
  from space 14336K, 83% used [0x00000000f2000000,0x00000000f2bb6a78,0x00000000f2e00000)
  to   space 23552K, 0% used [0x00000000f0000000,0x00000000f0000000,0x00000000f1700000)
 ParOldGen       total 125440K, used 56241K [0x00000000a0000000, 0x00000000a7a80000, 0x00000000e0000000)
  object space 125440K, 44% used [0x00000000a0000000,0x00000000a36ec748,0x00000000a7a80000)
 Metaspace       used 87745K, capacity 91536K, committed 91776K, reserved 1128448K
  class space    used 11602K, capacity 12405K, committed 12416K, reserved 1048576K
Event: 190.137 GC heap after
Heap after GC invocations=16 (full 3):
 PSYoungGen      total 285696K, used 23209K [0x00000000e0000000, 0x00000000f6600000, 0x0000000100000000)
  eden space 262144K, 0% used [0x00000000e0000000,0x00000000e0000000,0x00000000f0000000)
  from space 23552K, 98% used [0x00000000f0000000,0x00000000f16aa6c0,0x00000000f1700000)
  to   space 26624K, 0% used [0x00000000f4c00000,0x00000000f4c00000,0x00000000f6600000)
 ParOldGen       total 125440K, used 56249K [0x00000000a0000000, 0x00000000a7a80000, 0x00000000e0000000)
  object space 125440K, 44% used [0x00000000a0000000,0x00000000a36ee748,0x00000000a7a80000)
 Metaspace       used 87745K, capacity 91536K, committed 91776K, reserved 1128448K
  class space    used 11602K, capacity 12405K, committed 12416K, reserved 1048576K
}

